Arguments: 
  /Users/flatironschool/.nvm/versions/node/v6.11.2/bin/node /usr/local/Cellar/yarn/1.5.1_1/libexec/bin/yarn.js add react-redux

PATH: 
  /Users/flatironschool/.nvm/versions/node/v6.11.2/bin:/Users/flatironschool/.rvm/gems/ruby-2.3.3/bin:/Users/flatironschool/.rvm/gems/ruby-2.3.3@global/bin:/Users/flatironschool/.rvm/rubies/ruby-2.3.3/bin:/Applications/Postgres.app/Contents/Versions/latest/bin:/usr/local:/usr/local/bin:/usr/local/sbin:/usr/bin:/usr/local/bin:/usr/bin:/bin:/usr/sbin:/sbin:/Users/flatironschool/.rvm/bin

Yarn version: 
  1.5.1

Node version: 
  6.11.2

Platform: 
  darwin x64

npm manifest: 
  {
    "name": "redux-intro-shopping-list",
    "version": "0.1.0",
    "private": true,
    "devDependencies": {
      "react-scripts": "0.7.0"
    },
    "dependencies": {
      "react": "^15.3.2",
      "react-bootstrap": "^0.30.6",
      "react-dom": "^15.3.2",
      "react-redux": "^4.4.5",
      "redux": "^3.6.0"
    },
    "scripts": {
      "start": "react-scripts start",
      "build": "react-scripts build",
      "test": "react-scripts test --env=jsdom",
      "eject": "react-scripts eject"
    }
  }

yarn manifest: 
  No manifest

Lockfile: 
  No lockfile

Trace: 
  Error: Couldn't find package "loose-envify@^1.3.1" required by "create-react-class@^15.6.0" on the "npm" registry.
      at MessageError.Error (native)
      at new MessageError (/usr/local/Cellar/yarn/1.5.1_1/libexec/lib/cli.js:186:110)
      at PackageRequest.<anonymous> (/usr/local/Cellar/yarn/1.5.1_1/libexec/lib/cli.js:36274:17)
      at throw (native)
      at step (/usr/local/Cellar/yarn/1.5.1_1/libexec/lib/cli.js:98:30)
      at /usr/local/Cellar/yarn/1.5.1_1/libexec/lib/cli.js:111:13
      at process._tickCallback (internal/process/next_tick.js:109:7)
